<?xml version="1.0" encoding="UTF-8"?>
<!-- Generated by org.testng.reporters.JUnitReportReporter -->
<testsuite hostname="DESKTOP-NVTCI68" failures="0" tests="1" name="com.org.demo.tests.LandingPage" time="0.007" errors="0" timestamp="06 Oct 2021 15:28:34 GMT" skipped="0">
  <testcase classname="com.org.demo.tests.LandingPage" name="bookFlight" time="0.007"/>
</testsuite> <!-- com.org.demo.tests.LandingPage -->
