<?xml version="1.0" encoding="UTF-8"?>
<!-- Generated by org.testng.reporters.JUnitReportReporter -->
<testsuite hostname="DESKTOP-NVTCI68" failures="0" tests="1" name="com.org.demo.tests.BookFlightTest" time="2.666" errors="0" timestamp="07 Oct 2021 04:58:42 GMT" skipped="0">
  <testcase classname="com.org.demo.tests.BookFlightTest" name="VerifyUserAbleToBookFlight" time="2.666"/>
</testsuite> <!-- com.org.demo.tests.BookFlightTest -->
